{
  "0 debug pnpm:scope": {
    "selected": 1
  },
  "1 error pnpm": {
    "code": "ELIFECYCLE",
    "errno": "ENOENT",
    "syscall": "spawn",
    "file": "sh",
    "pkgid": "val-design@0.1.0",
    "stage": "storybook",
    "script": "start-storybook -p 6006 -s public",
    "pkgname": "val-design",
    "err": {
      "name": "pnpm",
      "message": "val-design@0.1.0 storybook: `start-storybook -p 6006 -s public`\nspawn ENOENT",
      "code": "ELIFECYCLE",
      "stack": "pnpm: val-design@0.1.0 storybook: `start-storybook -p 6006 -s public`\nspawn ENOENT\n    at ChildProcess.<anonymous> (/opt/homebrew/Cellar/pnpm/6.32.3/libexec/lib/node_modules/pnpm/dist/pnpm.cjs:92278:22)\n    at ChildProcess.emit (node:events:526:28)\n    at maybeClose (node:internal/child_process:1092:16)\n    at Process.ChildProcess._handle.onexit (node:internal/child_process:302:5)"
    }
  },
  "2 warn pnpm:global": " Local package.json exists, but node_modules missing, did you mean to install?"
}